<?xml version="1.0" encoding="UTF-8"?>
<testsuite xmlns:xsi="http://www.w3.org/2001/XMLSchema-instance" xsi:noNamespaceSchemaLocation="https://maven.apache.org/surefire/maven-surefire-plugin/xsd/surefire-test-report-3.0.xsd" version="3.0" name="com.omery.projectAtm.repositories.UserRepoIntegrationTest" time="3.408" tests="1" errors="0" skipped="0" failures="0">
  <properties>
[...]
</properties>
  <testcase name="testThatAuthorCanBeCreatedAndRecalled" classname="com.omery.projectAtm.repositories.UserRepoIntegrationTest" time="0.447">
    <system-out><![CDATA[12:48:21.051 [main] INFO org.springframework.test.context.support.AnnotationConfigContextLoaderUtils -- Could not detect default configuration classes for test class [com.omery.projectAtm.repositories.UserRepoIntegrationTest]: UserRepoIntegrationTest does not declare any static, non-private, non-final, nested classes annotated with @Configuration.
12:48:21.119 [main] INFO org.springframework.boot.test.context.SpringBootTestContextBootstrapper -- Found @SpringBootConfiguration com.omery.projectAtm.ProjectAtmApplication for test class com.omery.projectAtm.repositories.UserRepoIntegrationTest

  .   ____          _            __ _ _
 /\\ / ___'_ __ _ _(_)_ __  __ _ \ \ \ \
( ( )\___ | '_ | '_| | '_ \/ _` | \ \ \ \
 \\/  ___)| |_)| | | | | || (_| |  ) ) ) )
  '  |____| .__|_| |_|_| |_\__, | / / / /
 =========|_|==============|___/=/_/_/_/
 :: Spring Boot ::                (v3.2.2)

2024-08-15T12:48:21.402+03:00  INFO 14483 --- [           main] c.o.p.r.UserRepoIntegrationTest          : Starting UserRepoIntegrationTest using Java 21 with PID 14483 (started by omeryildiz in /Users/omeryildiz/Documents/GitHub/spring-boot-atmProject/backend)
2024-08-15T12:48:21.403+03:00  INFO 14483 --- [           main] c.o.p.r.UserRepoIntegrationTest          : The following 1 profile is active: "test"
2024-08-15T12:48:21.806+03:00  INFO 14483 --- [           main] .s.d.r.c.RepositoryConfigurationDelegate : Bootstrapping Spring Data JPA repositories in DEFAULT mode.
2024-08-15T12:48:21.843+03:00  INFO 14483 --- [           main] .s.d.r.c.RepositoryConfigurationDelegate : Finished Spring Data repository scanning in 32 ms. Found 2 JPA repository interfaces.
2024-08-15T12:48:22.100+03:00  INFO 14483 --- [           main] o.hibernate.jpa.internal.util.LogHelper  : HHH000204: Processing PersistenceUnitInfo [name: default]
2024-08-15T12:48:22.135+03:00  INFO 14483 --- [           main] org.hibernate.Version                    : HHH000412: Hibernate ORM core version 6.4.1.Final
2024-08-15T12:48:22.154+03:00  INFO 14483 --- [           main] o.h.c.internal.RegionFactoryInitiator    : HHH000026: Second-level cache disabled
2024-08-15T12:48:22.290+03:00  INFO 14483 --- [           main] o.s.o.j.p.SpringPersistenceUnitInfo      : No LoadTimeWeaver setup: ignoring JPA class transformer
2024-08-15T12:48:22.306+03:00  INFO 14483 --- [           main] com.zaxxer.hikari.HikariDataSource       : HikariPool-1 - Starting...
2024-08-15T12:48:22.438+03:00  INFO 14483 --- [           main] com.zaxxer.hikari.pool.HikariPool        : HikariPool-1 - Added connection conn0: url=jdbc:h2:mem:public user=POSTGRES
2024-08-15T12:48:22.439+03:00  INFO 14483 --- [           main] com.zaxxer.hikari.HikariDataSource       : HikariPool-1 - Start completed.
2024-08-15T12:48:22.455+03:00  WARN 14483 --- [           main] org.hibernate.orm.deprecation            : HHH90000025: H2Dialect does not need to be specified explicitly using 'hibernate.dialect' (remove the property setting and it will be selected by default)
2024-08-15T12:48:22.978+03:00  INFO 14483 --- [           main] o.h.e.t.j.p.i.JtaPlatformInitiator       : HHH000489: No JTA platform available (set 'hibernate.transaction.jta.platform' to enable JTA platform integration)
Hibernate: drop table if exists accounts cascade 
Hibernate: drop table if exists users cascade 
Hibernate: drop sequence if exists acc_id_seq
Hibernate: drop sequence if exists user_id_seq
Hibernate: create sequence acc_id_seq start with 1 increment by 50
Hibernate: create sequence user_id_seq start with 1 increment by 50
Hibernate: create table accounts (acc_id bigint not null, total_credit bigint not null, user_id bigint not null, primary key (acc_id))
Hibernate: create table users (id bigint not null, email varchar(255) not null unique, first_name varchar(255) not null, last_name varchar(255) not null, password varchar(255) not null, primary key (id))
Hibernate: alter table if exists accounts add constraint FKnjuop33mo69pd79ctplkck40n foreign key (user_id) references users
2024-08-15T12:48:23.001+03:00  INFO 14483 --- [           main] j.LocalContainerEntityManagerFactoryBean : Initialized JPA EntityManagerFactory for persistence unit 'default'
2024-08-15T12:48:23.154+03:00  INFO 14483 --- [           main] o.s.d.j.r.query.QueryEnhancerFactory     : Hibernate is in classpath; If applicable, HQL parser will be used.
2024-08-15T12:48:23.610+03:00  WARN 14483 --- [           main] JpaBaseConfiguration$JpaWebConfiguration : spring.jpa.open-in-view is enabled by default. Therefore, database queries may be performed during view rendering. Explicitly configure spring.jpa.open-in-view to disable this warning
2024-08-15T12:48:23.869+03:00  INFO 14483 --- [           main] c.o.p.r.UserRepoIntegrationTest          : Started UserRepoIntegrationTest in 2.649 seconds (process running for 3.336)
Hibernate: select ue1_0.id,ue1_0.email,ue1_0.first_name,ue1_0.last_name,ue1_0.password from users ue1_0 where ue1_0.id=?
Hibernate: select next value for user_id_seq
Hibernate: insert into users (email,first_name,last_name,password,id) values (?,?,?,?,?)
Hibernate: select ue1_0.id,ue1_0.email,ue1_0.first_name,ue1_0.last_name,ue1_0.password from users ue1_0 where ue1_0.id=?
2024-08-15T12:48:24.321+03:00  INFO 14483 --- [           main] j.LocalContainerEntityManagerFactoryBean : Closing JPA EntityManagerFactory for persistence unit 'default'
2024-08-15T12:48:24.322+03:00  INFO 14483 --- [           main] com.zaxxer.hikari.HikariDataSource       : HikariPool-1 - Shutdown initiated...
2024-08-15T12:48:24.324+03:00  INFO 14483 --- [           main] com.zaxxer.hikari.HikariDataSource       : HikariPool-1 - Shutdown completed.
]]></system-out>
    <system-err><![CDATA[WARNING: A Java agent has been loaded dynamically (/Users/omeryildiz/.m2/repository/net/bytebuddy/byte-buddy-agent/1.14.11/byte-buddy-agent-1.14.11.jar)
WARNING: If a serviceability tool is in use, please run with -XX:+EnableDynamicAgentLoading to hide this warning
WARNING: If a serviceability tool is not in use, please run with -Djdk.instrument.traceUsage for more information
WARNING: Dynamic loading of agents will be disallowed by default in a future release
]]></system-err>
  </testcase>
</testsuite>