<?xml version="1.0" encoding="UTF-8"?>
<testsuite xmlns:xsi="http://www.w3.org/2001/XMLSchema-instance" xsi:noNamespaceSchemaLocation="https://maven.apache.org/surefire/maven-surefire-plugin/xsd/surefire-test-report-3.0.xsd" version="3.0" name="com.omery.projectAtm.controller.UserControllerIntegrationTest" time="2.162" tests="7" errors="0" skipped="0" failures="0">
  <properties>
[...]
</properties>
  <testcase name="testThatGetUserReturnsHttpStatus404WhenNoAuthorExists" classname="com.omery.projectAtm.controller.UserControllerIntegrationTest" time="0.056">
    <system-out><![CDATA[2024-08-15T12:48:24.334+03:00  INFO 14483 --- [           main] t.c.s.AnnotationConfigContextLoaderUtils : Could not detect default configuration classes for test class [com.omery.projectAtm.controller.UserControllerIntegrationTest]: UserControllerIntegrationTest does not declare any static, non-private, non-final, nested classes annotated with @Configuration.
2024-08-15T12:48:24.343+03:00  INFO 14483 --- [           main] .b.t.c.SpringBootTestContextBootstrapper : Found @SpringBootConfiguration com.omery.projectAtm.ProjectAtmApplication for test class com.omery.projectAtm.controller.UserControllerIntegrationTest

  .   ____          _            __ _ _
 /\\ / ___'_ __ _ _(_)_ __  __ _ \ \ \ \
( ( )\___ | '_ | '_| | '_ \/ _` | \ \ \ \
 \\/  ___)| |_)| | | | | || (_| |  ) ) ) )
  '  |____| .__|_| |_|_| |_\__, | / / / /
 =========|_|==============|___/=/_/_/_/
 :: Spring Boot ::                (v3.2.2)

2024-08-15T12:48:24.362+03:00  INFO 14483 --- [           main] c.o.p.c.UserControllerIntegrationTest    : Starting UserControllerIntegrationTest using Java 21 with PID 14483 (started by omeryildiz in /Users/omeryildiz/Documents/GitHub/spring-boot-atmProject/backend)
2024-08-15T12:48:24.363+03:00  INFO 14483 --- [           main] c.o.p.c.UserControllerIntegrationTest    : The following 1 profile is active: "test"
2024-08-15T12:48:24.437+03:00  INFO 14483 --- [           main] .s.d.r.c.RepositoryConfigurationDelegate : Bootstrapping Spring Data JPA repositories in DEFAULT mode.
2024-08-15T12:48:24.444+03:00  INFO 14483 --- [           main] .s.d.r.c.RepositoryConfigurationDelegate : Finished Spring Data repository scanning in 6 ms. Found 2 JPA repository interfaces.
2024-08-15T12:48:24.494+03:00  INFO 14483 --- [           main] o.hibernate.jpa.internal.util.LogHelper  : HHH000204: Processing PersistenceUnitInfo [name: default]
2024-08-15T12:48:24.495+03:00  INFO 14483 --- [           main] o.h.c.internal.RegionFactoryInitiator    : HHH000026: Second-level cache disabled
2024-08-15T12:48:24.496+03:00  INFO 14483 --- [           main] o.s.o.j.p.SpringPersistenceUnitInfo      : No LoadTimeWeaver setup: ignoring JPA class transformer
2024-08-15T12:48:24.497+03:00  INFO 14483 --- [           main] com.zaxxer.hikari.HikariDataSource       : HikariPool-2 - Starting...
2024-08-15T12:48:24.498+03:00  INFO 14483 --- [           main] com.zaxxer.hikari.pool.HikariPool        : HikariPool-2 - Added connection conn10: url=jdbc:h2:mem:public user=POSTGRES
2024-08-15T12:48:24.498+03:00  INFO 14483 --- [           main] com.zaxxer.hikari.HikariDataSource       : HikariPool-2 - Start completed.
2024-08-15T12:48:24.499+03:00  WARN 14483 --- [           main] org.hibernate.orm.deprecation            : HHH90000025: H2Dialect does not need to be specified explicitly using 'hibernate.dialect' (remove the property setting and it will be selected by default)
2024-08-15T12:48:24.524+03:00  INFO 14483 --- [           main] o.h.e.t.j.p.i.JtaPlatformInitiator       : HHH000489: No JTA platform available (set 'hibernate.transaction.jta.platform' to enable JTA platform integration)
Hibernate: drop table if exists accounts cascade 
Hibernate: drop table if exists users cascade 
Hibernate: drop sequence if exists acc_id_seq
Hibernate: drop sequence if exists user_id_seq
Hibernate: create sequence acc_id_seq start with 1 increment by 50
Hibernate: create sequence user_id_seq start with 1 increment by 50
Hibernate: create table accounts (acc_id bigint not null, total_credit bigint not null, user_id bigint not null, primary key (acc_id))
Hibernate: create table users (id bigint not null, email varchar(255) not null unique, first_name varchar(255) not null, last_name varchar(255) not null, password varchar(255) not null, primary key (id))
Hibernate: alter table if exists accounts add constraint FKnjuop33mo69pd79ctplkck40n foreign key (user_id) references users
2024-08-15T12:48:24.528+03:00  INFO 14483 --- [           main] j.LocalContainerEntityManagerFactoryBean : Initialized JPA EntityManagerFactory for persistence unit 'default'
2024-08-15T12:48:24.602+03:00  WARN 14483 --- [           main] JpaBaseConfiguration$JpaWebConfiguration : spring.jpa.open-in-view is enabled by default. Therefore, database queries may be performed during view rendering. Explicitly configure spring.jpa.open-in-view to disable this warning
2024-08-15T12:48:24.670+03:00  INFO 14483 --- [           main] o.s.b.t.m.w.SpringBootMockServletContext : Initializing Spring TestDispatcherServlet ''
2024-08-15T12:48:24.670+03:00  INFO 14483 --- [           main] o.s.t.web.servlet.TestDispatcherServlet  : Initializing Servlet ''
2024-08-15T12:48:24.671+03:00  INFO 14483 --- [           main] o.s.t.web.servlet.TestDispatcherServlet  : Completed initialization in 1 ms
2024-08-15T12:48:24.676+03:00  INFO 14483 --- [           main] c.o.p.c.UserControllerIntegrationTest    : Started UserControllerIntegrationTest in 0.33 seconds (process running for 4.144)
Hibernate: select ue1_0.id,ue1_0.email,ue1_0.first_name,ue1_0.last_name,ue1_0.password from users ue1_0 where ue1_0.id=?
2024-08-15T12:48:24.734+03:00  INFO 14483 --- [           main] j.LocalContainerEntityManagerFactoryBean : Closing JPA EntityManagerFactory for persistence unit 'default'
2024-08-15T12:48:24.734+03:00  INFO 14483 --- [           main] com.zaxxer.hikari.HikariDataSource       : HikariPool-2 - Shutdown initiated...
2024-08-15T12:48:24.735+03:00  INFO 14483 --- [           main] com.zaxxer.hikari.HikariDataSource       : HikariPool-2 - Shutdown completed.
]]></system-out>
  </testcase>
  <testcase name="testThatListUsersReturnsListOfAuthors" classname="com.omery.projectAtm.controller.UserControllerIntegrationTest" time="0.084">
    <system-out><![CDATA[
  .   ____          _            __ _ _
 /\\ / ___'_ __ _ _(_)_ __  __ _ \ \ \ \
( ( )\___ | '_ | '_| | '_ \/ _` | \ \ \ \
 \\/  ___)| |_)| | | | | || (_| |  ) ) ) )
  '  |____| .__|_| |_|_| |_\__, | / / / /
 =========|_|==============|___/=/_/_/_/
 :: Spring Boot ::                (v3.2.2)

2024-08-15T12:48:24.749+03:00  INFO 14483 --- [           main] c.o.p.c.UserControllerIntegrationTest    : Starting UserControllerIntegrationTest using Java 21 with PID 14483 (started by omeryildiz in /Users/omeryildiz/Documents/GitHub/spring-boot-atmProject/backend)
2024-08-15T12:48:24.749+03:00  INFO 14483 --- [           main] c.o.p.c.UserControllerIntegrationTest    : The following 1 profile is active: "test"
2024-08-15T12:48:24.824+03:00  INFO 14483 --- [           main] .s.d.r.c.RepositoryConfigurationDelegate : Bootstrapping Spring Data JPA repositories in DEFAULT mode.
2024-08-15T12:48:24.829+03:00  INFO 14483 --- [           main] .s.d.r.c.RepositoryConfigurationDelegate : Finished Spring Data repository scanning in 5 ms. Found 2 JPA repository interfaces.
2024-08-15T12:48:24.868+03:00  INFO 14483 --- [           main] o.hibernate.jpa.internal.util.LogHelper  : HHH000204: Processing PersistenceUnitInfo [name: default]
2024-08-15T12:48:24.870+03:00  INFO 14483 --- [           main] o.h.c.internal.RegionFactoryInitiator    : HHH000026: Second-level cache disabled
2024-08-15T12:48:24.872+03:00  INFO 14483 --- [           main] o.s.o.j.p.SpringPersistenceUnitInfo      : No LoadTimeWeaver setup: ignoring JPA class transformer
2024-08-15T12:48:24.872+03:00  INFO 14483 --- [           main] com.zaxxer.hikari.HikariDataSource       : HikariPool-3 - Starting...
2024-08-15T12:48:24.874+03:00  INFO 14483 --- [           main] com.zaxxer.hikari.pool.HikariPool        : HikariPool-3 - Added connection conn20: url=jdbc:h2:mem:public user=POSTGRES
2024-08-15T12:48:24.874+03:00  INFO 14483 --- [           main] com.zaxxer.hikari.HikariDataSource       : HikariPool-3 - Start completed.
2024-08-15T12:48:24.874+03:00  WARN 14483 --- [           main] org.hibernate.orm.deprecation            : HHH90000025: H2Dialect does not need to be specified explicitly using 'hibernate.dialect' (remove the property setting and it will be selected by default)
2024-08-15T12:48:24.902+03:00  INFO 14483 --- [           main] o.h.e.t.j.p.i.JtaPlatformInitiator       : HHH000489: No JTA platform available (set 'hibernate.transaction.jta.platform' to enable JTA platform integration)
Hibernate: drop table if exists accounts cascade 
Hibernate: drop table if exists users cascade 
Hibernate: drop sequence if exists acc_id_seq
Hibernate: drop sequence if exists user_id_seq
Hibernate: create sequence acc_id_seq start with 1 increment by 50
Hibernate: create sequence user_id_seq start with 1 increment by 50
Hibernate: create table accounts (acc_id bigint not null, total_credit bigint not null, user_id bigint not null, primary key (acc_id))
Hibernate: create table users (id bigint not null, email varchar(255) not null unique, first_name varchar(255) not null, last_name varchar(255) not null, password varchar(255) not null, primary key (id))
Hibernate: alter table if exists accounts add constraint FKnjuop33mo69pd79ctplkck40n foreign key (user_id) references users
2024-08-15T12:48:24.906+03:00  INFO 14483 --- [           main] j.LocalContainerEntityManagerFactoryBean : Initialized JPA EntityManagerFactory for persistence unit 'default'
2024-08-15T12:48:24.954+03:00  WARN 14483 --- [           main] JpaBaseConfiguration$JpaWebConfiguration : spring.jpa.open-in-view is enabled by default. Therefore, database queries may be performed during view rendering. Explicitly configure spring.jpa.open-in-view to disable this warning
2024-08-15T12:48:25.000+03:00  INFO 14483 --- [           main] o.s.b.t.m.w.SpringBootMockServletContext : Initializing Spring TestDispatcherServlet ''
2024-08-15T12:48:25.000+03:00  INFO 14483 --- [           main] o.s.t.web.servlet.TestDispatcherServlet  : Initializing Servlet ''
2024-08-15T12:48:25.000+03:00  INFO 14483 --- [           main] o.s.t.web.servlet.TestDispatcherServlet  : Completed initialization in 0 ms
2024-08-15T12:48:25.004+03:00  INFO 14483 --- [           main] c.o.p.c.UserControllerIntegrationTest    : Started UserControllerIntegrationTest in 0.267 seconds (process running for 4.472)
Hibernate: select ue1_0.id,ue1_0.email,ue1_0.first_name,ue1_0.last_name,ue1_0.password from users ue1_0 where ue1_0.id=?
Hibernate: select next value for user_id_seq
Hibernate: insert into users (email,first_name,last_name,password,id) values (?,?,?,?,?)
Hibernate: select ue1_0.id,ue1_0.email,ue1_0.first_name,ue1_0.last_name,ue1_0.password from users ue1_0
2024-08-15T12:48:25.086+03:00  INFO 14483 --- [           main] j.LocalContainerEntityManagerFactoryBean : Closing JPA EntityManagerFactory for persistence unit 'default'
2024-08-15T12:48:25.086+03:00  INFO 14483 --- [           main] com.zaxxer.hikari.HikariDataSource       : HikariPool-3 - Shutdown initiated...
2024-08-15T12:48:25.090+03:00  INFO 14483 --- [           main] com.zaxxer.hikari.HikariDataSource       : HikariPool-3 - Shutdown completed.
]]></system-out>
  </testcase>
  <testcase name="testThatDeleteUserRemovesUser" classname="com.omery.projectAtm.controller.UserControllerIntegrationTest" time="0.057">
    <system-out><![CDATA[
  .   ____          _            __ _ _
 /\\ / ___'_ __ _ _(_)_ __  __ _ \ \ \ \
( ( )\___ | '_ | '_| | '_ \/ _` | \ \ \ \
 \\/  ___)| |_)| | | | | || (_| |  ) ) ) )
  '  |____| .__|_| |_|_| |_\__, | / / / /
 =========|_|==============|___/=/_/_/_/
 :: Spring Boot ::                (v3.2.2)

2024-08-15T12:48:25.113+03:00  INFO 14483 --- [           main] c.o.p.c.UserControllerIntegrationTest    : Starting UserControllerIntegrationTest using Java 21 with PID 14483 (started by omeryildiz in /Users/omeryildiz/Documents/GitHub/spring-boot-atmProject/backend)
2024-08-15T12:48:25.113+03:00  INFO 14483 --- [           main] c.o.p.c.UserControllerIntegrationTest    : The following 1 profile is active: "test"
2024-08-15T12:48:25.175+03:00  INFO 14483 --- [           main] .s.d.r.c.RepositoryConfigurationDelegate : Bootstrapping Spring Data JPA repositories in DEFAULT mode.
2024-08-15T12:48:25.180+03:00  INFO 14483 --- [           main] .s.d.r.c.RepositoryConfigurationDelegate : Finished Spring Data repository scanning in 5 ms. Found 2 JPA repository interfaces.
2024-08-15T12:48:25.216+03:00  INFO 14483 --- [           main] o.hibernate.jpa.internal.util.LogHelper  : HHH000204: Processing PersistenceUnitInfo [name: default]
2024-08-15T12:48:25.217+03:00  INFO 14483 --- [           main] o.h.c.internal.RegionFactoryInitiator    : HHH000026: Second-level cache disabled
2024-08-15T12:48:25.219+03:00  INFO 14483 --- [           main] o.s.o.j.p.SpringPersistenceUnitInfo      : No LoadTimeWeaver setup: ignoring JPA class transformer
2024-08-15T12:48:25.219+03:00  INFO 14483 --- [           main] com.zaxxer.hikari.HikariDataSource       : HikariPool-4 - Starting...
2024-08-15T12:48:25.220+03:00  INFO 14483 --- [           main] com.zaxxer.hikari.pool.HikariPool        : HikariPool-4 - Added connection conn30: url=jdbc:h2:mem:public user=POSTGRES
2024-08-15T12:48:25.221+03:00  INFO 14483 --- [           main] com.zaxxer.hikari.HikariDataSource       : HikariPool-4 - Start completed.
2024-08-15T12:48:25.221+03:00  WARN 14483 --- [           main] org.hibernate.orm.deprecation            : HHH90000025: H2Dialect does not need to be specified explicitly using 'hibernate.dialect' (remove the property setting and it will be selected by default)
2024-08-15T12:48:25.244+03:00  INFO 14483 --- [           main] o.h.e.t.j.p.i.JtaPlatformInitiator       : HHH000489: No JTA platform available (set 'hibernate.transaction.jta.platform' to enable JTA platform integration)
Hibernate: drop table if exists accounts cascade 
Hibernate: drop table if exists users cascade 
Hibernate: drop sequence if exists acc_id_seq
Hibernate: drop sequence if exists user_id_seq
Hibernate: create sequence acc_id_seq start with 1 increment by 50
Hibernate: create sequence user_id_seq start with 1 increment by 50
Hibernate: create table accounts (acc_id bigint not null, total_credit bigint not null, user_id bigint not null, primary key (acc_id))
Hibernate: create table users (id bigint not null, email varchar(255) not null unique, first_name varchar(255) not null, last_name varchar(255) not null, password varchar(255) not null, primary key (id))
Hibernate: alter table if exists accounts add constraint FKnjuop33mo69pd79ctplkck40n foreign key (user_id) references users
2024-08-15T12:48:25.247+03:00  INFO 14483 --- [           main] j.LocalContainerEntityManagerFactoryBean : Initialized JPA EntityManagerFactory for persistence unit 'default'
2024-08-15T12:48:25.297+03:00  WARN 14483 --- [           main] JpaBaseConfiguration$JpaWebConfiguration : spring.jpa.open-in-view is enabled by default. Therefore, database queries may be performed during view rendering. Explicitly configure spring.jpa.open-in-view to disable this warning
2024-08-15T12:48:25.339+03:00  INFO 14483 --- [           main] o.s.b.t.m.w.SpringBootMockServletContext : Initializing Spring TestDispatcherServlet ''
2024-08-15T12:48:25.339+03:00  INFO 14483 --- [           main] o.s.t.web.servlet.TestDispatcherServlet  : Initializing Servlet ''
2024-08-15T12:48:25.339+03:00  INFO 14483 --- [           main] o.s.t.web.servlet.TestDispatcherServlet  : Completed initialization in 0 ms
2024-08-15T12:48:25.343+03:00  INFO 14483 --- [           main] c.o.p.c.UserControllerIntegrationTest    : Started UserControllerIntegrationTest in 0.243 seconds (process running for 4.81)
Hibernate: select ue1_0.id,ue1_0.email,ue1_0.first_name,ue1_0.last_name,ue1_0.password from users ue1_0 where ue1_0.id=?
Hibernate: select next value for user_id_seq
Hibernate: insert into users (email,first_name,last_name,password,id) values (?,?,?,?,?)
Hibernate: select count(*) from users ue1_0 where ue1_0.id=?
Hibernate: select ae1_0.acc_id,ae1_0.total_credit,ae1_0.user_id from accounts ae1_0 where ae1_0.user_id=?
Hibernate: select ue1_0.id,ue1_0.email,ue1_0.first_name,ue1_0.last_name,ue1_0.password from users ue1_0 where ue1_0.id=?
Hibernate: delete from users where id=?
Hibernate: select ue1_0.id,ue1_0.email,ue1_0.first_name,ue1_0.last_name,ue1_0.password from users ue1_0 where ue1_0.id=?
2024-08-15T12:48:25.393+03:00  INFO 14483 --- [           main] j.LocalContainerEntityManagerFactoryBean : Closing JPA EntityManagerFactory for persistence unit 'default'
2024-08-15T12:48:25.394+03:00  INFO 14483 --- [           main] com.zaxxer.hikari.HikariDataSource       : HikariPool-4 - Shutdown initiated...
2024-08-15T12:48:25.401+03:00  INFO 14483 --- [           main] com.zaxxer.hikari.HikariDataSource       : HikariPool-4 - Shutdown completed.
]]></system-out>
  </testcase>
  <testcase name="testThatPartialUpdateExistingAuthorReturnsHttpStatus20Ok" classname="com.omery.projectAtm.controller.UserControllerIntegrationTest" time="0.039">
    <system-out><![CDATA[
  .   ____          _            __ _ _
 /\\ / ___'_ __ _ _(_)_ __  __ _ \ \ \ \
( ( )\___ | '_ | '_| | '_ \/ _` | \ \ \ \
 \\/  ___)| |_)| | | | | || (_| |  ) ) ) )
  '  |____| .__|_| |_|_| |_\__, | / / / /
 =========|_|==============|___/=/_/_/_/
 :: Spring Boot ::                (v3.2.2)

2024-08-15T12:48:25.416+03:00  INFO 14483 --- [           main] c.o.p.c.UserControllerIntegrationTest    : Starting UserControllerIntegrationTest using Java 21 with PID 14483 (started by omeryildiz in /Users/omeryildiz/Documents/GitHub/spring-boot-atmProject/backend)
2024-08-15T12:48:25.416+03:00  INFO 14483 --- [           main] c.o.p.c.UserControllerIntegrationTest    : The following 1 profile is active: "test"
2024-08-15T12:48:25.491+03:00  INFO 14483 --- [           main] .s.d.r.c.RepositoryConfigurationDelegate : Bootstrapping Spring Data JPA repositories in DEFAULT mode.
2024-08-15T12:48:25.497+03:00  INFO 14483 --- [           main] .s.d.r.c.RepositoryConfigurationDelegate : Finished Spring Data repository scanning in 5 ms. Found 2 JPA repository interfaces.
2024-08-15T12:48:25.536+03:00  INFO 14483 --- [           main] o.hibernate.jpa.internal.util.LogHelper  : HHH000204: Processing PersistenceUnitInfo [name: default]
2024-08-15T12:48:25.537+03:00  INFO 14483 --- [           main] o.h.c.internal.RegionFactoryInitiator    : HHH000026: Second-level cache disabled
2024-08-15T12:48:25.538+03:00  INFO 14483 --- [           main] o.s.o.j.p.SpringPersistenceUnitInfo      : No LoadTimeWeaver setup: ignoring JPA class transformer
2024-08-15T12:48:25.539+03:00  INFO 14483 --- [           main] com.zaxxer.hikari.HikariDataSource       : HikariPool-5 - Starting...
2024-08-15T12:48:25.540+03:00  INFO 14483 --- [           main] com.zaxxer.hikari.pool.HikariPool        : HikariPool-5 - Added connection conn37: url=jdbc:h2:mem:public user=POSTGRES
2024-08-15T12:48:25.540+03:00  INFO 14483 --- [           main] com.zaxxer.hikari.HikariDataSource       : HikariPool-5 - Start completed.
2024-08-15T12:48:25.540+03:00  WARN 14483 --- [           main] org.hibernate.orm.deprecation            : HHH90000025: H2Dialect does not need to be specified explicitly using 'hibernate.dialect' (remove the property setting and it will be selected by default)
2024-08-15T12:48:25.561+03:00  INFO 14483 --- [           main] o.h.e.t.j.p.i.JtaPlatformInitiator       : HHH000489: No JTA platform available (set 'hibernate.transaction.jta.platform' to enable JTA platform integration)
Hibernate: drop table if exists accounts cascade 
Hibernate: drop table if exists users cascade 
Hibernate: drop sequence if exists acc_id_seq
Hibernate: drop sequence if exists user_id_seq
Hibernate: create sequence acc_id_seq start with 1 increment by 50
Hibernate: create sequence user_id_seq start with 1 increment by 50
Hibernate: create table accounts (acc_id bigint not null, total_credit bigint not null, user_id bigint not null, primary key (acc_id))
Hibernate: create table users (id bigint not null, email varchar(255) not null unique, first_name varchar(255) not null, last_name varchar(255) not null, password varchar(255) not null, primary key (id))
Hibernate: alter table if exists accounts add constraint FKnjuop33mo69pd79ctplkck40n foreign key (user_id) references users
2024-08-15T12:48:25.564+03:00  INFO 14483 --- [           main] j.LocalContainerEntityManagerFactoryBean : Initialized JPA EntityManagerFactory for persistence unit 'default'
2024-08-15T12:48:25.603+03:00  WARN 14483 --- [           main] JpaBaseConfiguration$JpaWebConfiguration : spring.jpa.open-in-view is enabled by default. Therefore, database queries may be performed during view rendering. Explicitly configure spring.jpa.open-in-view to disable this warning
2024-08-15T12:48:25.639+03:00  INFO 14483 --- [           main] o.s.b.t.m.w.SpringBootMockServletContext : Initializing Spring TestDispatcherServlet ''
2024-08-15T12:48:25.639+03:00  INFO 14483 --- [           main] o.s.t.web.servlet.TestDispatcherServlet  : Initializing Servlet ''
2024-08-15T12:48:25.640+03:00  INFO 14483 --- [           main] o.s.t.web.servlet.TestDispatcherServlet  : Completed initialization in 1 ms
2024-08-15T12:48:25.643+03:00  INFO 14483 --- [           main] c.o.p.c.UserControllerIntegrationTest    : Started UserControllerIntegrationTest in 0.241 seconds (process running for 5.111)
Hibernate: select ue1_0.id,ue1_0.email,ue1_0.first_name,ue1_0.last_name,ue1_0.password from users ue1_0 where ue1_0.id=?
Hibernate: select next value for user_id_seq
Hibernate: insert into users (email,first_name,last_name,password,id) values (?,?,?,?,?)
Hibernate: select count(*) from users ue1_0 where ue1_0.id=?
Hibernate: select ue1_0.id,ue1_0.email,ue1_0.first_name,ue1_0.last_name,ue1_0.password from users ue1_0 where ue1_0.id=?
Hibernate: update users set email=?,first_name=?,last_name=?,password=? where id=?
2024-08-15T12:48:25.682+03:00  INFO 14483 --- [           main] j.LocalContainerEntityManagerFactoryBean : Closing JPA EntityManagerFactory for persistence unit 'default'
2024-08-15T12:48:25.682+03:00  INFO 14483 --- [           main] com.zaxxer.hikari.HikariDataSource       : HikariPool-5 - Shutdown initiated...
2024-08-15T12:48:25.683+03:00  INFO 14483 --- [           main] com.zaxxer.hikari.HikariDataSource       : HikariPool-5 - Shutdown completed.
]]></system-out>
  </testcase>
  <testcase name="testThatFullUpdateUserReturnsHttpStatus4200WhenAuthorExists" classname="com.omery.projectAtm.controller.UserControllerIntegrationTest" time="0.021">
    <system-out><![CDATA[
  .   ____          _            __ _ _
 /\\ / ___'_ __ _ _(_)_ __  __ _ \ \ \ \
( ( )\___ | '_ | '_| | '_ \/ _` | \ \ \ \
 \\/  ___)| |_)| | | | | || (_| |  ) ) ) )
  '  |____| .__|_| |_|_| |_\__, | / / / /
 =========|_|==============|___/=/_/_/_/
 :: Spring Boot ::                (v3.2.2)

2024-08-15T12:48:25.694+03:00  INFO 14483 --- [           main] c.o.p.c.UserControllerIntegrationTest    : Starting UserControllerIntegrationTest using Java 21 with PID 14483 (started by omeryildiz in /Users/omeryildiz/Documents/GitHub/spring-boot-atmProject/backend)
2024-08-15T12:48:25.694+03:00  INFO 14483 --- [           main] c.o.p.c.UserControllerIntegrationTest    : The following 1 profile is active: "test"
2024-08-15T12:48:25.768+03:00  INFO 14483 --- [           main] .s.d.r.c.RepositoryConfigurationDelegate : Bootstrapping Spring Data JPA repositories in DEFAULT mode.
2024-08-15T12:48:25.773+03:00  INFO 14483 --- [           main] .s.d.r.c.RepositoryConfigurationDelegate : Finished Spring Data repository scanning in 5 ms. Found 2 JPA repository interfaces.
2024-08-15T12:48:25.804+03:00  INFO 14483 --- [           main] o.hibernate.jpa.internal.util.LogHelper  : HHH000204: Processing PersistenceUnitInfo [name: default]
2024-08-15T12:48:25.805+03:00  INFO 14483 --- [           main] o.h.c.internal.RegionFactoryInitiator    : HHH000026: Second-level cache disabled
2024-08-15T12:48:25.806+03:00  INFO 14483 --- [           main] o.s.o.j.p.SpringPersistenceUnitInfo      : No LoadTimeWeaver setup: ignoring JPA class transformer
2024-08-15T12:48:25.807+03:00  INFO 14483 --- [           main] com.zaxxer.hikari.HikariDataSource       : HikariPool-6 - Starting...
2024-08-15T12:48:25.808+03:00  INFO 14483 --- [           main] com.zaxxer.hikari.pool.HikariPool        : HikariPool-6 - Added connection conn41: url=jdbc:h2:mem:public user=POSTGRES
2024-08-15T12:48:25.808+03:00  INFO 14483 --- [           main] com.zaxxer.hikari.HikariDataSource       : HikariPool-6 - Start completed.
2024-08-15T12:48:25.808+03:00  WARN 14483 --- [           main] org.hibernate.orm.deprecation            : HHH90000025: H2Dialect does not need to be specified explicitly using 'hibernate.dialect' (remove the property setting and it will be selected by default)
2024-08-15T12:48:25.832+03:00  INFO 14483 --- [           main] o.h.e.t.j.p.i.JtaPlatformInitiator       : HHH000489: No JTA platform available (set 'hibernate.transaction.jta.platform' to enable JTA platform integration)
Hibernate: drop table if exists accounts cascade 
Hibernate: drop table if exists users cascade 
Hibernate: drop sequence if exists acc_id_seq
Hibernate: drop sequence if exists user_id_seq
Hibernate: create sequence acc_id_seq start with 1 increment by 50
Hibernate: create sequence user_id_seq start with 1 increment by 50
Hibernate: create table accounts (acc_id bigint not null, total_credit bigint not null, user_id bigint not null, primary key (acc_id))
Hibernate: create table users (id bigint not null, email varchar(255) not null unique, first_name varchar(255) not null, last_name varchar(255) not null, password varchar(255) not null, primary key (id))
Hibernate: alter table if exists accounts add constraint FKnjuop33mo69pd79ctplkck40n foreign key (user_id) references users
2024-08-15T12:48:25.835+03:00  INFO 14483 --- [           main] j.LocalContainerEntityManagerFactoryBean : Initialized JPA EntityManagerFactory for persistence unit 'default'
2024-08-15T12:48:25.872+03:00  WARN 14483 --- [           main] JpaBaseConfiguration$JpaWebConfiguration : spring.jpa.open-in-view is enabled by default. Therefore, database queries may be performed during view rendering. Explicitly configure spring.jpa.open-in-view to disable this warning
2024-08-15T12:48:25.911+03:00  INFO 14483 --- [           main] o.s.b.t.m.w.SpringBootMockServletContext : Initializing Spring TestDispatcherServlet ''
2024-08-15T12:48:25.911+03:00  INFO 14483 --- [           main] o.s.t.web.servlet.TestDispatcherServlet  : Initializing Servlet ''
2024-08-15T12:48:25.912+03:00  INFO 14483 --- [           main] o.s.t.web.servlet.TestDispatcherServlet  : Completed initialization in 1 ms
2024-08-15T12:48:25.915+03:00  INFO 14483 --- [           main] c.o.p.c.UserControllerIntegrationTest    : Started UserControllerIntegrationTest in 0.231 seconds (process running for 5.383)
Hibernate: select ue1_0.id,ue1_0.email,ue1_0.first_name,ue1_0.last_name,ue1_0.password from users ue1_0 where ue1_0.id=?
Hibernate: select next value for user_id_seq
Hibernate: insert into users (email,first_name,last_name,password,id) values (?,?,?,?,?)
Hibernate: select count(*) from users ue1_0 where ue1_0.id=?
Hibernate: select ue1_0.id,ue1_0.email,ue1_0.first_name,ue1_0.last_name,ue1_0.password from users ue1_0 where ue1_0.id=?
2024-08-15T12:48:25.930+03:00  INFO 14483 --- [           main] j.LocalContainerEntityManagerFactoryBean : Closing JPA EntityManagerFactory for persistence unit 'default'
2024-08-15T12:48:25.930+03:00  INFO 14483 --- [           main] com.zaxxer.hikari.HikariDataSource       : HikariPool-6 - Shutdown initiated...
2024-08-15T12:48:25.937+03:00  INFO 14483 --- [           main] com.zaxxer.hikari.HikariDataSource       : HikariPool-6 - Shutdown completed.
]]></system-out>
  </testcase>
  <testcase name="testThatGetUserReturnsWhenUserExist" classname="com.omery.projectAtm.controller.UserControllerIntegrationTest" time="0.019">
    <system-out><![CDATA[
  .   ____          _            __ _ _
 /\\ / ___'_ __ _ _(_)_ __  __ _ \ \ \ \
( ( )\___ | '_ | '_| | '_ \/ _` | \ \ \ \
 \\/  ___)| |_)| | | | | || (_| |  ) ) ) )
  '  |____| .__|_| |_|_| |_\__, | / / / /
 =========|_|==============|___/=/_/_/_/
 :: Spring Boot ::                (v3.2.2)

2024-08-15T12:48:25.948+03:00  INFO 14483 --- [           main] c.o.p.c.UserControllerIntegrationTest    : Starting UserControllerIntegrationTest using Java 21 with PID 14483 (started by omeryildiz in /Users/omeryildiz/Documents/GitHub/spring-boot-atmProject/backend)
2024-08-15T12:48:25.948+03:00  INFO 14483 --- [           main] c.o.p.c.UserControllerIntegrationTest    : The following 1 profile is active: "test"
2024-08-15T12:48:26.005+03:00  INFO 14483 --- [           main] .s.d.r.c.RepositoryConfigurationDelegate : Bootstrapping Spring Data JPA repositories in DEFAULT mode.
2024-08-15T12:48:26.009+03:00  INFO 14483 --- [           main] .s.d.r.c.RepositoryConfigurationDelegate : Finished Spring Data repository scanning in 4 ms. Found 2 JPA repository interfaces.
2024-08-15T12:48:26.036+03:00  INFO 14483 --- [           main] o.hibernate.jpa.internal.util.LogHelper  : HHH000204: Processing PersistenceUnitInfo [name: default]
2024-08-15T12:48:26.037+03:00  INFO 14483 --- [           main] o.h.c.internal.RegionFactoryInitiator    : HHH000026: Second-level cache disabled
2024-08-15T12:48:26.042+03:00  INFO 14483 --- [           main] o.s.o.j.p.SpringPersistenceUnitInfo      : No LoadTimeWeaver setup: ignoring JPA class transformer
2024-08-15T12:48:26.043+03:00  INFO 14483 --- [           main] com.zaxxer.hikari.HikariDataSource       : HikariPool-7 - Starting...
2024-08-15T12:48:26.044+03:00  INFO 14483 --- [           main] com.zaxxer.hikari.pool.HikariPool        : HikariPool-7 - Added connection conn44: url=jdbc:h2:mem:public user=POSTGRES
2024-08-15T12:48:26.044+03:00  INFO 14483 --- [           main] com.zaxxer.hikari.HikariDataSource       : HikariPool-7 - Start completed.
2024-08-15T12:48:26.044+03:00  WARN 14483 --- [           main] org.hibernate.orm.deprecation            : HHH90000025: H2Dialect does not need to be specified explicitly using 'hibernate.dialect' (remove the property setting and it will be selected by default)
2024-08-15T12:48:26.065+03:00  INFO 14483 --- [           main] o.h.e.t.j.p.i.JtaPlatformInitiator       : HHH000489: No JTA platform available (set 'hibernate.transaction.jta.platform' to enable JTA platform integration)
Hibernate: drop table if exists accounts cascade 
Hibernate: drop table if exists users cascade 
Hibernate: drop sequence if exists acc_id_seq
Hibernate: drop sequence if exists user_id_seq
Hibernate: create sequence acc_id_seq start with 1 increment by 50
Hibernate: create sequence user_id_seq start with 1 increment by 50
Hibernate: create table accounts (acc_id bigint not null, total_credit bigint not null, user_id bigint not null, primary key (acc_id))
Hibernate: create table users (id bigint not null, email varchar(255) not null unique, first_name varchar(255) not null, last_name varchar(255) not null, password varchar(255) not null, primary key (id))
Hibernate: alter table if exists accounts add constraint FKnjuop33mo69pd79ctplkck40n foreign key (user_id) references users
2024-08-15T12:48:26.069+03:00  INFO 14483 --- [           main] j.LocalContainerEntityManagerFactoryBean : Initialized JPA EntityManagerFactory for persistence unit 'default'
2024-08-15T12:48:26.102+03:00  WARN 14483 --- [           main] JpaBaseConfiguration$JpaWebConfiguration : spring.jpa.open-in-view is enabled by default. Therefore, database queries may be performed during view rendering. Explicitly configure spring.jpa.open-in-view to disable this warning
2024-08-15T12:48:26.136+03:00  INFO 14483 --- [           main] o.s.b.t.m.w.SpringBootMockServletContext : Initializing Spring TestDispatcherServlet ''
2024-08-15T12:48:26.136+03:00  INFO 14483 --- [           main] o.s.t.web.servlet.TestDispatcherServlet  : Initializing Servlet ''
2024-08-15T12:48:26.137+03:00  INFO 14483 --- [           main] o.s.t.web.servlet.TestDispatcherServlet  : Completed initialization in 1 ms
2024-08-15T12:48:26.140+03:00  INFO 14483 --- [           main] c.o.p.c.UserControllerIntegrationTest    : Started UserControllerIntegrationTest in 0.201 seconds (process running for 5.608)
Hibernate: select ue1_0.id,ue1_0.email,ue1_0.first_name,ue1_0.last_name,ue1_0.password from users ue1_0 where ue1_0.id=?
Hibernate: select next value for user_id_seq
Hibernate: insert into users (email,first_name,last_name,password,id) values (?,?,?,?,?)
Hibernate: select ue1_0.id,ue1_0.email,ue1_0.first_name,ue1_0.last_name,ue1_0.password from users ue1_0 where ue1_0.id=?
2024-08-15T12:48:26.151+03:00  INFO 14483 --- [           main] j.LocalContainerEntityManagerFactoryBean : Closing JPA EntityManagerFactory for persistence unit 'default'
2024-08-15T12:48:26.151+03:00  INFO 14483 --- [           main] com.zaxxer.hikari.HikariDataSource       : HikariPool-7 - Shutdown initiated...
2024-08-15T12:48:26.161+03:00  INFO 14483 --- [           main] com.zaxxer.hikari.HikariDataSource       : HikariPool-7 - Shutdown completed.
]]></system-out>
  </testcase>
  <testcase name="testThatCreateUserSuccessfullyReturnsHttp201Created" classname="com.omery.projectAtm.controller.UserControllerIntegrationTest" time="0.011">
    <system-out><![CDATA[
  .   ____          _            __ _ _
 /\\ / ___'_ __ _ _(_)_ __  __ _ \ \ \ \
( ( )\___ | '_ | '_| | '_ \/ _` | \ \ \ \
 \\/  ___)| |_)| | | | | || (_| |  ) ) ) )
  '  |____| .__|_| |_|_| |_\__, | / / / /
 =========|_|==============|___/=/_/_/_/
 :: Spring Boot ::                (v3.2.2)

2024-08-15T12:48:26.171+03:00  INFO 14483 --- [           main] c.o.p.c.UserControllerIntegrationTest    : Starting UserControllerIntegrationTest using Java 21 with PID 14483 (started by omeryildiz in /Users/omeryildiz/Documents/GitHub/spring-boot-atmProject/backend)
2024-08-15T12:48:26.171+03:00  INFO 14483 --- [           main] c.o.p.c.UserControllerIntegrationTest    : The following 1 profile is active: "test"
2024-08-15T12:48:26.230+03:00  INFO 14483 --- [           main] .s.d.r.c.RepositoryConfigurationDelegate : Bootstrapping Spring Data JPA repositories in DEFAULT mode.
2024-08-15T12:48:26.234+03:00  INFO 14483 --- [           main] .s.d.r.c.RepositoryConfigurationDelegate : Finished Spring Data repository scanning in 4 ms. Found 2 JPA repository interfaces.
2024-08-15T12:48:26.261+03:00  INFO 14483 --- [           main] o.hibernate.jpa.internal.util.LogHelper  : HHH000204: Processing PersistenceUnitInfo [name: default]
2024-08-15T12:48:26.262+03:00  INFO 14483 --- [           main] o.h.c.internal.RegionFactoryInitiator    : HHH000026: Second-level cache disabled
2024-08-15T12:48:26.263+03:00  INFO 14483 --- [           main] o.s.o.j.p.SpringPersistenceUnitInfo      : No LoadTimeWeaver setup: ignoring JPA class transformer
2024-08-15T12:48:26.264+03:00  INFO 14483 --- [           main] com.zaxxer.hikari.HikariDataSource       : HikariPool-8 - Starting...
2024-08-15T12:48:26.265+03:00  INFO 14483 --- [           main] com.zaxxer.hikari.pool.HikariPool        : HikariPool-8 - Added connection conn46: url=jdbc:h2:mem:public user=POSTGRES
2024-08-15T12:48:26.265+03:00  INFO 14483 --- [           main] com.zaxxer.hikari.HikariDataSource       : HikariPool-8 - Start completed.
2024-08-15T12:48:26.265+03:00  WARN 14483 --- [           main] org.hibernate.orm.deprecation            : HHH90000025: H2Dialect does not need to be specified explicitly using 'hibernate.dialect' (remove the property setting and it will be selected by default)
2024-08-15T12:48:26.284+03:00  INFO 14483 --- [           main] o.h.e.t.j.p.i.JtaPlatformInitiator       : HHH000489: No JTA platform available (set 'hibernate.transaction.jta.platform' to enable JTA platform integration)
Hibernate: drop table if exists accounts cascade 
Hibernate: drop table if exists users cascade 
Hibernate: drop sequence if exists acc_id_seq
Hibernate: drop sequence if exists user_id_seq
Hibernate: create sequence acc_id_seq start with 1 increment by 50
Hibernate: create sequence user_id_seq start with 1 increment by 50
Hibernate: create table accounts (acc_id bigint not null, total_credit bigint not null, user_id bigint not null, primary key (acc_id))
Hibernate: create table users (id bigint not null, email varchar(255) not null unique, first_name varchar(255) not null, last_name varchar(255) not null, password varchar(255) not null, primary key (id))
Hibernate: alter table if exists accounts add constraint FKnjuop33mo69pd79ctplkck40n foreign key (user_id) references users
2024-08-15T12:48:26.410+03:00  INFO 14483 --- [           main] j.LocalContainerEntityManagerFactoryBean : Initialized JPA EntityManagerFactory for persistence unit 'default'
2024-08-15T12:48:26.441+03:00  WARN 14483 --- [           main] JpaBaseConfiguration$JpaWebConfiguration : spring.jpa.open-in-view is enabled by default. Therefore, database queries may be performed during view rendering. Explicitly configure spring.jpa.open-in-view to disable this warning
2024-08-15T12:48:26.477+03:00  INFO 14483 --- [           main] o.s.b.t.m.w.SpringBootMockServletContext : Initializing Spring TestDispatcherServlet ''
2024-08-15T12:48:26.477+03:00  INFO 14483 --- [           main] o.s.t.web.servlet.TestDispatcherServlet  : Initializing Servlet ''
2024-08-15T12:48:26.478+03:00  INFO 14483 --- [           main] o.s.t.web.servlet.TestDispatcherServlet  : Completed initialization in 1 ms
2024-08-15T12:48:26.481+03:00  INFO 14483 --- [           main] c.o.p.c.UserControllerIntegrationTest    : Started UserControllerIntegrationTest in 0.319 seconds (process running for 5.948)
Hibernate: select ue1_0.id,ue1_0.email,ue1_0.first_name,ue1_0.last_name,ue1_0.password from users ue1_0 where ue1_0.id=?
Hibernate: select next value for user_id_seq
Hibernate: insert into users (email,first_name,last_name,password,id) values (?,?,?,?,?)
2024-08-15T12:48:26.493+03:00  INFO 14483 --- [           main] j.LocalContainerEntityManagerFactoryBean : Closing JPA EntityManagerFactory for persistence unit 'default'
2024-08-15T12:48:26.494+03:00  INFO 14483 --- [           main] com.zaxxer.hikari.HikariDataSource       : HikariPool-8 - Shutdown initiated...
2024-08-15T12:48:26.494+03:00  INFO 14483 --- [           main] com.zaxxer.hikari.HikariDataSource       : HikariPool-8 - Shutdown completed.
]]></system-out>
  </testcase>
</testsuite>